This file contains any messages produced by compilers while
running configure, to aid debugging if configure makes a mistake.

It was created by thunar-volman configure 0.8.0, which was
generated by GNU Autoconf 2.69.  Invocation command line was

  $ ./configure --enable-maintainer-mode

## --------- ##
## Platform. ##
## --------- ##

hostname = ns2
uname -m = i686
uname -r = 3.4.9-x86-smp
uname -s = Linux
uname -v = #1 SMP PREEMPT Sat Aug 18 16:18:05 SAST 2012

/usr/bin/uname -p = unknown
/bin/uname -X     = unknown

/bin/arch              = i686
/usr/bin/arch -k       = unknown
/usr/convex/getsysinfo = unknown
/usr/bin/hostinfo      = unknown
/bin/machine           = unknown
/usr/bin/oslevel       = unknown
/bin/universe          = unknown

PATH: /usr/local/sbin
PATH: /usr/sbin
PATH: /sbin
PATH: /usr/local/bin
PATH: /usr/bin
PATH: /bin
PATH: /usr/X11R7/bin
PATH: /opt/sophos/bin


## ----------- ##
## Core tests. ##
## ----------- ##

configure:2373: checking build system type
configure:2387: result: i686-pc-linux-gnu
configure:2407: checking host system type
configure:2420: result: i686-pc-linux-gnu
configure:2440: checking target system type
configure:2453: result: i686-pc-linux-gnu
configure:2497: checking for a BSD-compatible install
configure:2565: result: /usr/bin/ginstall -c
configure:2576: checking whether build environment is sane
configure:2626: result: yes
configure:2767: checking for a thread-safe mkdir -p
configure:2806: result: /usr/bin/mkdir -p
configure:2819: checking for gawk
configure:2835: found /usr/bin/gawk
configure:2846: result: gawk
configure:2857: checking whether make sets $(MAKE)
configure:2879: result: yes
configure:2954: checking how to create a ustar tar archive
configure:2967: tar --version
tar (GNU tar) 1.26
Copyright (C) 2011 Free Software Foundation, Inc.
License GPLv3+: GNU GPL version 3 or later <http://gnu.org/licenses/gpl.html>.
This is free software: you are free to change and redistribute it.
There is NO WARRANTY, to the extent permitted by law.

Written by John Gilmore and Jay Fenlason.
configure:2970: $? = 0
configure:3010: tardir=conftest.dir && eval tar --format=ustar -chf - "$tardir" >conftest.tar
configure:3013: $? = 0
configure:3017: tar -xf - <conftest.tar
configure:3020: $? = 0
configure:3033: result: gnutar
configure:3043: checking whether to enable maintainer-specific portions of Makefiles
configure:3052: result: yes
configure:3078: checking for style of include used by make
configure:3106: result: GNU
configure:3177: checking for gcc
configure:3193: found /usr/bin/gcc
configure:3204: result: gcc
configure:3433: checking for C compiler version
configure:3442: gcc --version >&5
gcc (GCC) 4.8.1 20130530 (prerelease)
Copyright (C) 2013 Free Software Foundation, Inc.
This is free software; see the source for copying conditions.  There is NO
warranty; not even for MERCHANTABILITY or FITNESS FOR A PARTICULAR PURPOSE.

configure:3453: $? = 0
configure:3442: gcc -v >&5
Using built-in specs.
COLLECT_GCC=gcc
COLLECT_LTO_WRAPPER=/usr/libexec/gcc/i686-linux-gnu/4.8.1/lto-wrapper
Target: i686-linux-gnu
Configured with: ./../configure --prefix=/usr --sysconfdir=/etc/ --mandir=/usr/share/man --localstatedir=/var --infodir=/usr/share/info --libdir=/usr/lib --host=i686-linux-gnu --build=i686-linux-gnu --with-ecj-jar=/usr/share/java/ecj-3.5.2.jar --enable-lto --enable-cloog-backend=isl --enable-java-home --with-system-zlib --target=i686-linux-gnu --with-sysroot=/ --with-jvm-root-dir=/usr/lib/jvm/gcj-jdk --enable-languages=c,c++,fortran,java,lto,objc,obj-c++,go,ada
Thread model: posix
gcc version 4.8.1 20130530 (prerelease) (GCC) 
configure:3453: $? = 0
configure:3442: gcc -V >&5
gcc: error: unrecognized command line option '-V'
gcc: fatal error: no input files
compilation terminated.
configure:3453: $? = 1
configure:3442: gcc -qversion >&5
gcc: error: unrecognized command line option '-qversion'
gcc: fatal error: no input files
compilation terminated.
configure:3453: $? = 1
configure:3473: checking whether the C compiler works
configure:3495: gcc    conftest.c  >&5
configure:3499: $? = 0
configure:3547: result: yes
configure:3550: checking for C compiler default output file name
configure:3552: result: a.out
configure:3558: checking for suffix of executables
configure:3565: gcc -o conftest    conftest.c  >&5
configure:3569: $? = 0
configure:3591: result: 
configure:3613: checking whether we are cross compiling
configure:3621: gcc -o conftest    conftest.c  >&5
configure:3625: $? = 0
configure:3632: ./conftest
configure:3636: $? = 0
configure:3651: result: no
configure:3656: checking for suffix of object files
configure:3678: gcc -c   conftest.c >&5
configure:3682: $? = 0
configure:3703: result: o
configure:3707: checking whether we are using the GNU C compiler
configure:3726: gcc -c   conftest.c >&5
configure:3726: $? = 0
configure:3735: result: yes
configure:3744: checking whether gcc accepts -g
configure:3764: gcc -c -g  conftest.c >&5
configure:3764: $? = 0
configure:3805: result: yes
configure:3822: checking for gcc option to accept ISO C89
configure:3885: gcc  -c -g -O2  conftest.c >&5
configure:3885: $? = 0
configure:3898: result: none needed
configure:3920: checking dependency style of gcc
configure:4031: result: gcc3
configure:4052: checking how to run the C preprocessor
configure:4083: gcc -E  conftest.c
configure:4083: $? = 0
configure:4097: gcc -E  conftest.c
conftest.c:11:28: fatal error: ac_nonexistent.h: No such file or directory
 #include <ac_nonexistent.h>
                            ^
compilation terminated.
configure:4097: $? = 1
configure: failed program was:
| /* confdefs.h */
| #define PACKAGE_NAME "thunar-volman"
| #define PACKAGE_TARNAME "thunar-volman"
| #define PACKAGE_VERSION "0.8.0"
| #define PACKAGE_STRING "thunar-volman 0.8.0"
| #define PACKAGE_BUGREPORT "http://bugzilla.xfce.org/"
| #define PACKAGE_URL ""
| #define PACKAGE "thunar-volman"
| #define VERSION "0.8.0"
| /* end confdefs.h.  */
| #include <ac_nonexistent.h>
configure:4122: result: gcc -E
configure:4142: gcc -E  conftest.c
configure:4142: $? = 0
configure:4156: gcc -E  conftest.c
conftest.c:11:28: fatal error: ac_nonexistent.h: No such file or directory
 #include <ac_nonexistent.h>
                            ^
compilation terminated.
configure:4156: $? = 1
configure: failed program was:
| /* confdefs.h */
| #define PACKAGE_NAME "thunar-volman"
| #define PACKAGE_TARNAME "thunar-volman"
| #define PACKAGE_VERSION "0.8.0"
| #define PACKAGE_STRING "thunar-volman 0.8.0"
| #define PACKAGE_BUGREPORT "http://bugzilla.xfce.org/"
| #define PACKAGE_URL ""
| #define PACKAGE "thunar-volman"
| #define VERSION "0.8.0"
| /* end confdefs.h.  */
| #include <ac_nonexistent.h>
configure:4185: checking for grep that handles long lines and -e
configure:4243: result: /usr/bin/grep
configure:4248: checking for egrep
configure:4310: result: /usr/bin/grep -E
configure:4315: checking for ANSI C header files
configure:4335: gcc -c -g -O2  conftest.c >&5
configure:4335: $? = 0
configure:4408: gcc -o conftest -g -O2   conftest.c  >&5
configure:4408: $? = 0
configure:4408: ./conftest
configure:4408: $? = 0
configure:4419: result: yes
configure:4432: checking for sys/types.h
configure:4432: gcc -c -g -O2  conftest.c >&5
configure:4432: $? = 0
configure:4432: result: yes
configure:4432: checking for sys/stat.h
configure:4432: gcc -c -g -O2  conftest.c >&5
configure:4432: $? = 0
configure:4432: result: yes
configure:4432: checking for stdlib.h
configure:4432: gcc -c -g -O2  conftest.c >&5
configure:4432: $? = 0
configure:4432: result: yes
configure:4432: checking for string.h
configure:4432: gcc -c -g -O2  conftest.c >&5
configure:4432: $? = 0
configure:4432: result: yes
configure:4432: checking for memory.h
configure:4432: gcc -c -g -O2  conftest.c >&5
configure:4432: $? = 0
configure:4432: result: yes
configure:4432: checking for strings.h
configure:4432: gcc -c -g -O2  conftest.c >&5
configure:4432: $? = 0
configure:4432: result: yes
configure:4432: checking for inttypes.h
configure:4432: gcc -c -g -O2  conftest.c >&5
configure:4432: $? = 0
configure:4432: result: yes
configure:4432: checking for stdint.h
configure:4432: gcc -c -g -O2  conftest.c >&5
configure:4432: $? = 0
configure:4432: result: yes
configure:4432: checking for unistd.h
configure:4432: gcc -c -g -O2  conftest.c >&5
configure:4432: $? = 0
configure:4432: result: yes
configure:4445: checking minix/config.h usability
configure:4445: gcc -c -g -O2  conftest.c >&5
conftest.c:54:26: fatal error: minix/config.h: No such file or directory
 #include <minix/config.h>
                          ^
compilation terminated.
configure:4445: $? = 1
configure: failed program was:
| /* confdefs.h */
| #define PACKAGE_NAME "thunar-volman"
| #define PACKAGE_TARNAME "thunar-volman"
| #define PACKAGE_VERSION "0.8.0"
| #define PACKAGE_STRING "thunar-volman 0.8.0"
| #define PACKAGE_BUGREPORT "http://bugzilla.xfce.org/"
| #define PACKAGE_URL ""
| #define PACKAGE "thunar-volman"
| #define VERSION "0.8.0"
| #define STDC_HEADERS 1
| #define HAVE_SYS_TYPES_H 1
| #define HAVE_SYS_STAT_H 1
| #define HAVE_STDLIB_H 1
| #define HAVE_STRING_H 1
| #define HAVE_MEMORY_H 1
| #define HAVE_STRINGS_H 1
| #define HAVE_INTTYPES_H 1
| #define HAVE_STDINT_H 1
| #define HAVE_UNISTD_H 1
| /* end confdefs.h.  */
| #include <stdio.h>
| #ifdef HAVE_SYS_TYPES_H
| # include <sys/types.h>
| #endif
| #ifdef HAVE_SYS_STAT_H
| # include <sys/stat.h>
| #endif
| #ifdef STDC_HEADERS
| # include <stdlib.h>
| # include <stddef.h>
| #else
| # ifdef HAVE_STDLIB_H
| #  include <stdlib.h>
| # endif
| #endif
| #ifdef HAVE_STRING_H
| # if !defined STDC_HEADERS && defined HAVE_MEMORY_H
| #  include <memory.h>
| # endif
| # include <string.h>
| #endif
| #ifdef HAVE_STRINGS_H
| # include <strings.h>
| #endif
| #ifdef HAVE_INTTYPES_H
| # include <inttypes.h>
| #endif
| #ifdef HAVE_STDINT_H
| # include <stdint.h>
| #endif
| #ifdef HAVE_UNISTD_H
| # include <unistd.h>
| #endif
| #include <minix/config.h>
configure:4445: result: no
configure:4445: checking minix/config.h presence
configure:4445: gcc -E  conftest.c
conftest.c:21:26: fatal error: minix/config.h: No such file or directory
 #include <minix/config.h>
                          ^
compilation terminated.
configure:4445: $? = 1
configure: failed program was:
| /* confdefs.h */
| #define PACKAGE_NAME "thunar-volman"
| #define PACKAGE_TARNAME "thunar-volman"
| #define PACKAGE_VERSION "0.8.0"
| #define PACKAGE_STRING "thunar-volman 0.8.0"
| #define PACKAGE_BUGREPORT "http://bugzilla.xfce.org/"
| #define PACKAGE_URL ""
| #define PACKAGE "thunar-volman"
| #define VERSION "0.8.0"
| #define STDC_HEADERS 1
| #define HAVE_SYS_TYPES_H 1
| #define HAVE_SYS_STAT_H 1
| #define HAVE_STDLIB_H 1
| #define HAVE_STRING_H 1
| #define HAVE_MEMORY_H 1
| #define HAVE_STRINGS_H 1
| #define HAVE_INTTYPES_H 1
| #define HAVE_STDINT_H 1
| #define HAVE_UNISTD_H 1
| /* end confdefs.h.  */
| #include <minix/config.h>
configure:4445: result: no
configure:4445: checking for minix/config.h
configure:4445: result: no
configure:4466: checking whether it is safe to define __EXTENSIONS__
configure:4484: gcc -c -g -O2  conftest.c >&5
configure:4484: $? = 0
configure:4491: result: yes
configure:4506: checking for library containing strerror
configure:4537: gcc -o conftest -g -O2   conftest.c  >&5
configure:4537: $? = 0
configure:4554: result: none required
configure:4612: checking for gcc
configure:4639: result: gcc
configure:4868: checking for C compiler version
configure:4877: gcc --version >&5
gcc (GCC) 4.8.1 20130530 (prerelease)
Copyright (C) 2013 Free Software Foundation, Inc.
This is free software; see the source for copying conditions.  There is NO
warranty; not even for MERCHANTABILITY or FITNESS FOR A PARTICULAR PURPOSE.

configure:4888: $? = 0
configure:4877: gcc -v >&5
Using built-in specs.
COLLECT_GCC=gcc
COLLECT_LTO_WRAPPER=/usr/libexec/gcc/i686-linux-gnu/4.8.1/lto-wrapper
Target: i686-linux-gnu
Configured with: ./../configure --prefix=/usr --sysconfdir=/etc/ --mandir=/usr/share/man --localstatedir=/var --infodir=/usr/share/info --libdir=/usr/lib --host=i686-linux-gnu --build=i686-linux-gnu --with-ecj-jar=/usr/share/java/ecj-3.5.2.jar --enable-lto --enable-cloog-backend=isl --enable-java-home --with-system-zlib --target=i686-linux-gnu --with-sysroot=/ --with-jvm-root-dir=/usr/lib/jvm/gcj-jdk --enable-languages=c,c++,fortran,java,lto,objc,obj-c++,go,ada
Thread model: posix
gcc version 4.8.1 20130530 (prerelease) (GCC) 
configure:4888: $? = 0
configure:4877: gcc -V >&5
gcc: error: unrecognized command line option '-V'
gcc: fatal error: no input files
compilation terminated.
configure:4888: $? = 1
configure:4877: gcc -qversion >&5
gcc: error: unrecognized command line option '-qversion'
gcc: fatal error: no input files
compilation terminated.
configure:4888: $? = 1
configure:4892: checking whether we are using the GNU C compiler
configure:4920: result: yes
configure:4929: checking whether gcc accepts -g
configure:4990: result: yes
configure:5007: checking for gcc option to accept ISO C89
configure:5083: result: none needed
configure:5105: checking dependency style of gcc
configure:5216: result: gcc3
configure:5232: checking whether gcc and cc understand -c and -o together
configure:5263: gcc -c conftest.c -o conftest2.o >&5
configure:5267: $? = 0
configure:5273: gcc -c conftest.c -o conftest2.o >&5
configure:5277: $? = 0
configure:5288: cc -c conftest.c >&5
configure:5292: $? = 0
configure:5300: cc -c conftest.c -o conftest2.o >&5
configure:5304: $? = 0
configure:5310: cc -c conftest.c -o conftest2.o >&5
configure:5314: $? = 0
configure:5332: result: yes
configure:5342: checking for a sed that does not truncate output
configure:5406: result: /usr/bin/sed
configure:5424: checking for fgrep
configure:5486: result: /usr/bin/grep -F
configure:5513: checking how to print strings
configure:5540: result: printf
configure:5573: checking for ld used by gcc
configure:5640: result: /usr/i686-linux-gnu/bin/ld
configure:5647: checking if the linker (/usr/i686-linux-gnu/bin/ld) is GNU ld
configure:5662: result: yes
configure:5676: checking whether NLS is requested
configure:5685: result: yes
configure:5713: checking for intltool-update
configure:5731: found /usr/bin/intltool-update
configure:5743: result: /usr/bin/intltool-update
configure:5753: checking for intltool-merge
configure:5771: found /usr/bin/intltool-merge
configure:5783: result: /usr/bin/intltool-merge
configure:5793: checking for intltool-extract
configure:5811: found /usr/bin/intltool-extract
configure:5823: result: /usr/bin/intltool-extract
configure:5977: checking for xgettext
configure:5995: found /usr/bin/xgettext
configure:6007: result: /usr/bin/xgettext
configure:6017: checking for msgmerge
configure:6035: found /usr/bin/msgmerge
configure:6047: result: /usr/bin/msgmerge
configure:6057: checking for msgfmt
configure:6075: found /usr/bin/msgfmt
configure:6087: result: /usr/bin/msgfmt
configure:6097: checking for gmsgfmt
configure:6128: result: /usr/bin/msgfmt
configure:6148: checking for perl
configure:6166: found /usr/bin/perl
configure:6178: result: /usr/bin/perl
configure:6189: checking for perl >= 5.8.1
configure:6196: result: 5.16.2
configure:6200: checking for XML::Parser
configure:6203: result: ok
configure:6228: gcc -o conftest -g -O2   conftest.c  >&5
configure:6228: $? = 0
configure:6298: checking for BSD- or MS-compatible name lister (nm)
configure:6347: result: /usr/bin/nm -B
configure:6477: checking the name lister (/usr/bin/nm -B) interface
configure:6484: gcc -c -g -O2  conftest.c >&5
configure:6487: /usr/bin/nm -B "conftest.o"
configure:6490: output
00000000 B some_variable
configure:6497: result: BSD nm
configure:6500: checking whether ln -s works
configure:6504: result: yes
configure:6512: checking the maximum length of command line arguments
configure:6642: result: 1572864
configure:6659: checking whether the shell understands some XSI constructs
configure:6669: result: yes
configure:6673: checking whether the shell understands "+="
configure:6679: result: yes
configure:6714: checking how to convert i686-pc-linux-gnu file names to i686-pc-linux-gnu format
configure:6754: result: func_convert_file_noop
configure:6761: checking how to convert i686-pc-linux-gnu file names to toolchain format
configure:6781: result: func_convert_file_noop
configure:6788: checking for /usr/i686-linux-gnu/bin/ld option to reload object files
configure:6795: result: -r
configure:6869: checking for objdump
configure:6885: found /usr/bin/objdump
configure:6896: result: objdump
configure:6928: checking how to recognize dependent libraries
configure:7130: result: pass_all
configure:7215: checking for dlltool
configure:7245: result: no
configure:7275: checking how to associate runtime and link libraries
configure:7302: result: printf %s\n
configure:7362: checking for ar
configure:7378: found /usr/bin/ar
configure:7389: result: ar
configure:7426: checking for archiver @FILE support
configure:7443: gcc -c -g -O2  conftest.c >&5
configure:7443: $? = 0
configure:7446: ar cru libconftest.a @conftest.lst >&5
configure:7449: $? = 0
configure:7454: ar cru libconftest.a @conftest.lst >&5
ar: conftest.o: No such file or directory
configure:7457: $? = 1
configure:7469: result: @
configure:7527: checking for strip
configure:7543: found /usr/bin/strip
configure:7554: result: strip
configure:7626: checking for ranlib
configure:7642: found /usr/bin/ranlib
configure:7653: result: ranlib
configure:7755: checking command to parse /usr/bin/nm -B output from gcc object
configure:7875: gcc -c -g -O2  conftest.c >&5
configure:7878: $? = 0
configure:7882: /usr/bin/nm -B conftest.o \| sed -n -e 's/^.*[ ]\([ABCDGIRSTW][ABCDGIRSTW]*\)[ ][ ]*\([_A-Za-z][_A-Za-z0-9]*\)$/\1 \2 \2/p' | sed '/ __gnu_lto/d' \> conftest.nm
configure:7885: $? = 0
configure:7951: gcc -o conftest -g -O2   conftest.c conftstm.o >&5
configure:7954: $? = 0
configure:7992: result: ok
configure:8029: checking for sysroot
configure:8059: result: no
configure:8315: checking for mt
configure:8331: found /usr/bin/mt
configure:8342: result: mt
configure:8365: checking if mt is a manifest tool
configure:8371: mt '-?'
usage: mt [-v] [--version] [-h] [ -f device ] command [ count ]
configure:8379: result: no
configure:9018: checking for dlfcn.h
configure:9018: gcc -c -g -O2  conftest.c >&5
configure:9018: $? = 0
configure:9018: result: yes
configure:9223: checking for objdir
configure:9238: result: .libs
configure:9505: checking if gcc supports -fno-rtti -fno-exceptions
configure:9523: gcc -c -g -O2  -fno-rtti -fno-exceptions conftest.c >&5
cc1: warning: command line option '-fno-rtti' is valid for C++/ObjC++ but not for C [enabled by default]
configure:9527: $? = 0
configure:9540: result: no
configure:9867: checking for gcc option to produce PIC
configure:9874: result: -fPIC -DPIC
configure:9882: checking if gcc PIC flag -fPIC -DPIC works
configure:9900: gcc -c -g -O2  -fPIC -DPIC -DPIC conftest.c >&5
configure:9904: $? = 0
configure:9917: result: yes
configure:9946: checking if gcc static flag -static works
configure:9974: result: yes
configure:9989: checking if gcc supports -c -o file.o
configure:10010: gcc -c -g -O2  -o out/conftest2.o conftest.c >&5
configure:10014: $? = 0
configure:10036: result: yes
configure:10044: checking if gcc supports -c -o file.o
configure:10091: result: yes
configure:10124: checking whether the gcc linker (/usr/i686-linux-gnu/bin/ld) supports shared libraries
configure:11277: result: yes
configure:11314: checking whether -lc should be explicitly linked in
configure:11322: gcc -c -g -O2  conftest.c >&5
configure:11325: $? = 0
configure:11340: gcc -shared  -fPIC -DPIC conftest.o  -v -Wl,-soname -Wl,conftest -o conftest 2\>\&1 \| /usr/bin/grep  -lc  \>/dev/null 2\>\&1
configure:11343: $? = 0
configure:11357: result: no
configure:11517: checking dynamic linker characteristics
configure:12028: gcc -o conftest -g -O2   -Wl,-rpath -Wl,/foo conftest.c  >&5
configure:12028: $? = 0
configure:12250: result: GNU/Linux ld.so
configure:12357: checking how to hardcode library paths into programs
configure:12382: result: immediate
configure:12922: checking whether stripping libraries is possible
configure:12927: result: yes
configure:12962: checking if libtool supports shared libraries
configure:12964: result: yes
configure:12967: checking whether to build shared libraries
configure:12988: result: yes
configure:12991: checking whether to build static libraries
configure:12995: result: no
configure:13036: checking errno.h usability
configure:13036: gcc -c -g -O2  conftest.c >&5
configure:13036: $? = 0
configure:13036: result: yes
configure:13036: checking errno.h presence
configure:13036: gcc -E  conftest.c
configure:13036: $? = 0
configure:13036: result: yes
configure:13036: checking for errno.h
configure:13036: result: yes
configure:13036: checking path.h usability
configure:13036: gcc -c -g -O2  conftest.c >&5
conftest.c:62:18: fatal error: path.h: No such file or directory
 #include <path.h>
                  ^
compilation terminated.
configure:13036: $? = 1
configure: failed program was:
| /* confdefs.h */
| #define PACKAGE_NAME "thunar-volman"
| #define PACKAGE_TARNAME "thunar-volman"
| #define PACKAGE_VERSION "0.8.0"
| #define PACKAGE_STRING "thunar-volman 0.8.0"
| #define PACKAGE_BUGREPORT "http://bugzilla.xfce.org/"
| #define PACKAGE_URL ""
| #define PACKAGE "thunar-volman"
| #define VERSION "0.8.0"
| #define STDC_HEADERS 1
| #define HAVE_SYS_TYPES_H 1
| #define HAVE_SYS_STAT_H 1
| #define HAVE_STDLIB_H 1
| #define HAVE_STRING_H 1
| #define HAVE_MEMORY_H 1
| #define HAVE_STRINGS_H 1
| #define HAVE_INTTYPES_H 1
| #define HAVE_STDINT_H 1
| #define HAVE_UNISTD_H 1
| #define __EXTENSIONS__ 1
| #define _ALL_SOURCE 1
| #define _GNU_SOURCE 1
| #define _POSIX_PTHREAD_SEMANTICS 1
| #define _TANDEM_SOURCE 1
| #define HAVE_DLFCN_H 1
| #define LT_OBJDIR ".libs/"
| #define HAVE_ERRNO_H 1
| /* end confdefs.h.  */
| #include <stdio.h>
| #ifdef HAVE_SYS_TYPES_H
| # include <sys/types.h>
| #endif
| #ifdef HAVE_SYS_STAT_H
| # include <sys/stat.h>
| #endif
| #ifdef STDC_HEADERS
| # include <stdlib.h>
| # include <stddef.h>
| #else
| # ifdef HAVE_STDLIB_H
| #  include <stdlib.h>
| # endif
| #endif
| #ifdef HAVE_STRING_H
| # if !defined STDC_HEADERS && defined HAVE_MEMORY_H
| #  include <memory.h>
| # endif
| # include <string.h>
| #endif
| #ifdef HAVE_STRINGS_H
| # include <strings.h>
| #endif
| #ifdef HAVE_INTTYPES_H
| # include <inttypes.h>
| #endif
| #ifdef HAVE_STDINT_H
| # include <stdint.h>
| #endif
| #ifdef HAVE_UNISTD_H
| # include <unistd.h>
| #endif
| #include <path.h>
configure:13036: result: no
configure:13036: checking path.h presence
configure:13036: gcc -E  conftest.c
conftest.c:29:18: fatal error: path.h: No such file or directory
 #include <path.h>
                  ^
compilation terminated.
configure:13036: $? = 1
configure: failed program was:
| /* confdefs.h */
| #define PACKAGE_NAME "thunar-volman"
| #define PACKAGE_TARNAME "thunar-volman"
| #define PACKAGE_VERSION "0.8.0"
| #define PACKAGE_STRING "thunar-volman 0.8.0"
| #define PACKAGE_BUGREPORT "http://bugzilla.xfce.org/"
| #define PACKAGE_URL ""
| #define PACKAGE "thunar-volman"
| #define VERSION "0.8.0"
| #define STDC_HEADERS 1
| #define HAVE_SYS_TYPES_H 1
| #define HAVE_SYS_STAT_H 1
| #define HAVE_STDLIB_H 1
| #define HAVE_STRING_H 1
| #define HAVE_MEMORY_H 1
| #define HAVE_STRINGS_H 1
| #define HAVE_INTTYPES_H 1
| #define HAVE_STDINT_H 1
| #define HAVE_UNISTD_H 1
| #define __EXTENSIONS__ 1
| #define _ALL_SOURCE 1
| #define _GNU_SOURCE 1
| #define _POSIX_PTHREAD_SEMANTICS 1
| #define _TANDEM_SOURCE 1
| #define HAVE_DLFCN_H 1
| #define LT_OBJDIR ".libs/"
| #define HAVE_ERRNO_H 1
| /* end confdefs.h.  */
| #include <path.h>
configure:13036: result: no
configure:13036: checking for path.h
configure:13036: result: no
configure:13036: checking stdarg.h usability
configure:13036: gcc -c -g -O2  conftest.c >&5
configure:13036: $? = 0
configure:13036: result: yes
configure:13036: checking stdarg.h presence
configure:13036: gcc -E  conftest.c
configure:13036: $? = 0
configure:13036: result: yes
configure:13036: checking for stdarg.h
configure:13036: result: yes
configure:13036: checking for sys/types.h
configure:13036: result: yes
configure:13036: checking sys/wait.h usability
configure:13036: gcc -c -g -O2  conftest.c >&5
configure:13036: $? = 0
configure:13036: result: yes
configure:13036: checking sys/wait.h presence
configure:13036: gcc -E  conftest.c
configure:13036: $? = 0
configure:13036: result: yes
configure:13036: checking for sys/wait.h
configure:13036: result: yes
configure:13050: checking for dummy
configure:13050: gcc -o conftest -g -O2   conftest.c  >&5
/tmp/ccx829MN.o: In function `main':
/usr/src/thunar-volman/thunar-volman/conftest.c:66: undefined reference to `dummy'
collect2: error: ld returned 1 exit status
configure:13050: $? = 1
configure: failed program was:
| /* confdefs.h */
| #define PACKAGE_NAME "thunar-volman"
| #define PACKAGE_TARNAME "thunar-volman"
| #define PACKAGE_VERSION "0.8.0"
| #define PACKAGE_STRING "thunar-volman 0.8.0"
| #define PACKAGE_BUGREPORT "http://bugzilla.xfce.org/"
| #define PACKAGE_URL ""
| #define PACKAGE "thunar-volman"
| #define VERSION "0.8.0"
| #define STDC_HEADERS 1
| #define HAVE_SYS_TYPES_H 1
| #define HAVE_SYS_STAT_H 1
| #define HAVE_STDLIB_H 1
| #define HAVE_STRING_H 1
| #define HAVE_MEMORY_H 1
| #define HAVE_STRINGS_H 1
| #define HAVE_INTTYPES_H 1
| #define HAVE_STDINT_H 1
| #define HAVE_UNISTD_H 1
| #define __EXTENSIONS__ 1
| #define _ALL_SOURCE 1
| #define _GNU_SOURCE 1
| #define _POSIX_PTHREAD_SEMANTICS 1
| #define _TANDEM_SOURCE 1
| #define HAVE_DLFCN_H 1
| #define LT_OBJDIR ".libs/"
| #define HAVE_ERRNO_H 1
| #define HAVE_STDARG_H 1
| #define HAVE_SYS_TYPES_H 1
| #define HAVE_SYS_WAIT_H 1
| /* end confdefs.h.  */
| /* Define dummy to an innocuous variant, in case <limits.h> declares dummy.
|    For example, HP-UX 11i <limits.h> declares gettimeofday.  */
| #define dummy innocuous_dummy
| 
| /* System header to define __stub macros and hopefully few prototypes,
|     which can conflict with char dummy (); below.
|     Prefer <limits.h> to <assert.h> if __STDC__ is defined, since
|     <limits.h> exists even on freestanding compilers.  */
| 
| #ifdef __STDC__
| # include <limits.h>
| #else
| # include <assert.h>
| #endif
| 
| #undef dummy
| 
| /* Override any GCC internal prototype to avoid an error.
|    Use char because int might match the return type of a GCC
|    builtin and then its argument prototype would still apply.  */
| #ifdef __cplusplus
| extern "C"
| #endif
| char dummy ();
| /* The GNU C library defines this for functions which it implements
|     to always fail with ENOSYS.  Some functions are actually named
|     something starting with __ and the normal name is an alias.  */
| #if defined __stub_dummy || defined __stub___dummy
| choke me
| #endif
| 
| int
| main ()
| {
| return dummy ();
|   ;
|   return 0;
| }
configure:13050: result: no
configure:13050: checking for mt
configure:13050: gcc -o conftest -g -O2   conftest.c  >&5
/tmp/ccCW2KbQ.o: In function `main':
/usr/src/thunar-volman/thunar-volman/conftest.c:66: undefined reference to `mt'
collect2: error: ld returned 1 exit status
configure:13050: $? = 1
configure: failed program was:
| /* confdefs.h */
| #define PACKAGE_NAME "thunar-volman"
| #define PACKAGE_TARNAME "thunar-volman"
| #define PACKAGE_VERSION "0.8.0"
| #define PACKAGE_STRING "thunar-volman 0.8.0"
| #define PACKAGE_BUGREPORT "http://bugzilla.xfce.org/"
| #define PACKAGE_URL ""
| #define PACKAGE "thunar-volman"
| #define VERSION "0.8.0"
| #define STDC_HEADERS 1
| #define HAVE_SYS_TYPES_H 1
| #define HAVE_SYS_STAT_H 1
| #define HAVE_STDLIB_H 1
| #define HAVE_STRING_H 1
| #define HAVE_MEMORY_H 1
| #define HAVE_STRINGS_H 1
| #define HAVE_INTTYPES_H 1
| #define HAVE_STDINT_H 1
| #define HAVE_UNISTD_H 1
| #define __EXTENSIONS__ 1
| #define _ALL_SOURCE 1
| #define _GNU_SOURCE 1
| #define _POSIX_PTHREAD_SEMANTICS 1
| #define _TANDEM_SOURCE 1
| #define HAVE_DLFCN_H 1
| #define LT_OBJDIR ".libs/"
| #define HAVE_ERRNO_H 1
| #define HAVE_STDARG_H 1
| #define HAVE_SYS_TYPES_H 1
| #define HAVE_SYS_WAIT_H 1
| /* end confdefs.h.  */
| /* Define mt to an innocuous variant, in case <limits.h> declares mt.
|    For example, HP-UX 11i <limits.h> declares gettimeofday.  */
| #define mt innocuous_mt
| 
| /* System header to define __stub macros and hopefully few prototypes,
|     which can conflict with char mt (); below.
|     Prefer <limits.h> to <assert.h> if __STDC__ is defined, since
|     <limits.h> exists even on freestanding compilers.  */
| 
| #ifdef __STDC__
| # include <limits.h>
| #else
| # include <assert.h>
| #endif
| 
| #undef mt
| 
| /* Override any GCC internal prototype to avoid an error.
|    Use char because int might match the return type of a GCC
|    builtin and then its argument prototype would still apply.  */
| #ifdef __cplusplus
| extern "C"
| #endif
| char mt ();
| /* The GNU C library defines this for functions which it implements
|     to always fail with ENOSYS.  Some functions are actually named
|     something starting with __ and the normal name is an alias.  */
| #if defined __stub_mt || defined __stub___mt
| choke me
| #endif
| 
| int
| main ()
| {
| return mt ();
|   ;
|   return 0;
| }
configure:13050: result: no
configure:13073: checking locale.h usability
configure:13073: gcc -c -g -O2  conftest.c >&5
configure:13073: $? = 0
configure:13073: result: yes
configure:13073: checking locale.h presence
configure:13073: gcc -E  conftest.c
configure:13073: $? = 0
configure:13073: result: yes
configure:13073: checking for locale.h
configure:13073: result: yes
configure:13084: checking for LC_MESSAGES
configure:13100: gcc -o conftest -g -O2   conftest.c  >&5
configure:13100: $? = 0
configure:13108: result: yes
configure:13125: checking libintl.h usability
configure:13125: gcc -c -g -O2  conftest.c >&5
configure:13125: $? = 0
configure:13125: result: yes
configure:13125: checking libintl.h presence
configure:13125: gcc -E  conftest.c
configure:13125: $? = 0
configure:13125: result: yes
configure:13125: checking for libintl.h
configure:13125: result: yes
configure:13133: checking for ngettext in libc
configure:13151: gcc -o conftest -g -O2   conftest.c  >&5
configure:13151: $? = 0
configure:13160: result: yes
configure:13164: checking for dgettext in libc
configure:13182: gcc -o conftest -g -O2   conftest.c  >&5
configure:13182: $? = 0
configure:13191: result: yes
configure:13198: checking for bind_textdomain_codeset
configure:13198: gcc -o conftest -g -O2   conftest.c  >&5
configure:13198: $? = 0
configure:13198: result: yes
configure:13474: checking for msgfmt
configure:13501: result: /usr/bin/msgfmt
configure:13512: checking for dcgettext
configure:13512: gcc -o conftest -g -O2   conftest.c   >&5
conftest.c:60:6: warning: conflicting types for built-in function 'dcgettext' [enabled by default]
 char dcgettext ();
      ^
configure:13512: $? = 0
configure:13512: result: yes
configure:13522: checking if msgfmt accepts -c
configure:13537: $MSGFMT -c -o /dev/null conftest.foo
configure:13540: $? = 0
configure:13542: result: yes
configure:13552: checking for gmsgfmt
configure:13583: result: /usr/bin/msgfmt
configure:13593: checking for xgettext
configure:13620: result: /usr/bin/xgettext
configure:13639: gcc -o conftest -g -O2   conftest.c   >&5
configure:13639: $? = 0
configure:13721: checking for catalogs to be installed
configure:13746: result:  ar ast be bg ca cs da de el en_GB es eu fi fr gl hr hu id is it ja kk ko lt lv nb nl nn pl pt pt_BR ro ru sk sq sv te tr ug uk ur ur_PK zh_CN zh_TW
configure:13779: checking for bind_textdomain_codeset
configure:13779: result: yes
configure:13785: checking for locales directory
configure:13801: result: ${datarootdir}/locale
configure:13805: checking for additional xgettext flags
configure:13813: result: --keyword=Q_ --from-code=UTF-8
configure:13877: checking for pkg-config
configure:13895: found /usr/bin/pkg-config
configure:13907: result: /usr/bin/pkg-config
configure:13932: checking pkg-config is at least version 0.9.0
configure:13935: result: yes
configure:13957: checking for exo-1 >= 0.6.0
configure:13961: result: 0.8.0
configure:13964: checking EXO_CFLAGS
configure:13967: result: -pthread -I/usr/X11R7/include/pixman-1 -I/usr/X11R7/include -I/opt/xfce/include/exo-1 -I/opt/xfce/include/xfce4 -I/usr/include/gtk-2.0 -I/usr/lib/gtk-2.0/include -I/usr/include/atk-1.0 -I/usr/include/cairo -I/usr/include/gdk-pixbuf-2.0 -I/usr/include/pango-1.0 -I/usr/include/glib-2.0 -I/usr/lib/glib-2.0/include -I/usr/include/freetype2 -I/usr/include/libpng15 -I/usr/include/harfbuzz  
configure:13970: checking EXO_LIBS
configure:13973: result: -L/opt/xfce/lib -lexo-1 -lgtk-x11-2.0 -lxfce4util -lgdk-x11-2.0 -latk-1.0 -lgio-2.0 -lpangocairo-1.0 -lgdk_pixbuf-2.0 -lcairo -lpangoft2-1.0 -lpango-1.0 -lm -lfreetype -lfontconfig -lgobject-2.0 -lglib-2.0  
configure:14072: checking for pkg-config
configure:14102: result: /usr/bin/pkg-config
configure:14127: checking pkg-config is at least version 0.9.0
configure:14130: result: yes
configure:14152: checking for glib-2.0 >= 2.18.0
configure:14156: result: 2.35.8
configure:14159: checking GLIB_CFLAGS
configure:14162: result: -I/usr/include/glib-2.0 -I/usr/lib/glib-2.0/include  
configure:14165: checking GLIB_LIBS
configure:14168: result: -lglib-2.0  
configure:14267: checking for pkg-config
configure:14297: result: /usr/bin/pkg-config
configure:14322: checking pkg-config is at least version 0.9.0
configure:14325: result: yes
configure:14347: checking for gio-2.0 >= 2.18.0
configure:14351: result: 2.35.8
configure:14354: checking GIO_CFLAGS
configure:14357: result: -pthread -I/usr/include/glib-2.0 -I/usr/lib/glib-2.0/include  
configure:14360: checking GIO_LIBS
configure:14363: result: -lgio-2.0 -lgobject-2.0 -lglib-2.0  
configure:14462: checking for pkg-config
configure:14492: result: /usr/bin/pkg-config
configure:14517: checking pkg-config is at least version 0.9.0
configure:14520: result: yes
configure:14542: checking for gthread-2.0 >= 2.18.0
configure:14546: result: 2.35.8
configure:14549: checking GTHREAD_CFLAGS
configure:14552: result: -pthread -I/usr/include/glib-2.0 -I/usr/lib/glib-2.0/include  
configure:14555: checking GTHREAD_LIBS
configure:14558: result: -pthread -lgthread-2.0 -lglib-2.0  
configure:14657: checking for pkg-config
configure:14687: result: /usr/bin/pkg-config
configure:14712: checking pkg-config is at least version 0.9.0
configure:14715: result: yes
configure:14737: checking for gtk+-2.0 >= 2.14.0
configure:14741: result: 2.24.14
configure:14744: checking GTK_CFLAGS
configure:14747: result: -pthread -I/usr/X11R7/include/pixman-1 -I/usr/X11R7/include -I/usr/include/gtk-2.0 -I/usr/lib/gtk-2.0/include -I/usr/include/atk-1.0 -I/usr/include/cairo -I/usr/include/gdk-pixbuf-2.0 -I/usr/include/pango-1.0 -I/usr/include/glib-2.0 -I/usr/lib/glib-2.0/include -I/usr/include/freetype2 -I/usr/include/libpng15 -I/usr/include/harfbuzz  
configure:14750: checking GTK_LIBS
configure:14753: result: -lgtk-x11-2.0 -lgdk-x11-2.0 -latk-1.0 -lgio-2.0 -lpangocairo-1.0 -lgdk_pixbuf-2.0 -lcairo -lpangoft2-1.0 -lpango-1.0 -lm -lfreetype -lfontconfig -lgobject-2.0 -lglib-2.0  
configure:14852: checking for pkg-config
configure:14882: result: /usr/bin/pkg-config
configure:14907: checking pkg-config is at least version 0.9.0
configure:14910: result: yes
configure:14932: checking for gudev-1.0 >= 145
configure:14974: result: not found

## ---------------- ##
## Cache variables. ##
## ---------------- ##

ac_cv_build=i686-pc-linux-gnu
ac_cv_c_compiler_gnu=yes
ac_cv_env_CC_set=
ac_cv_env_CC_value=
ac_cv_env_CFLAGS_set=
ac_cv_env_CFLAGS_value=
ac_cv_env_CPPFLAGS_set=
ac_cv_env_CPPFLAGS_value=
ac_cv_env_CPP_set=
ac_cv_env_CPP_value=
ac_cv_env_LDFLAGS_set=
ac_cv_env_LDFLAGS_value=
ac_cv_env_LIBS_set=
ac_cv_env_LIBS_value=
ac_cv_env_PKG_CONFIG_LIBDIR_set=
ac_cv_env_PKG_CONFIG_LIBDIR_value=
ac_cv_env_PKG_CONFIG_PATH_set=set
ac_cv_env_PKG_CONFIG_PATH_value=:/usr/X11R7/lib/pkgconfig/:/opt/xfce/lib/pkgconfig/
ac_cv_env_PKG_CONFIG_set=
ac_cv_env_PKG_CONFIG_value=
ac_cv_env_build_alias_set=
ac_cv_env_build_alias_value=
ac_cv_env_host_alias_set=
ac_cv_env_host_alias_value=
ac_cv_env_target_alias_set=
ac_cv_env_target_alias_value=
ac_cv_func_bind_textdomain_codeset=yes
ac_cv_func_dcgettext=yes
ac_cv_func_dummy=no
ac_cv_func_mt=no
ac_cv_header_dlfcn_h=yes
ac_cv_header_errno_h=yes
ac_cv_header_inttypes_h=yes
ac_cv_header_libintl_h=yes
ac_cv_header_locale_h=yes
ac_cv_header_memory_h=yes
ac_cv_header_minix_config_h=no
ac_cv_header_path_h=no
ac_cv_header_stdarg_h=yes
ac_cv_header_stdc=yes
ac_cv_header_stdint_h=yes
ac_cv_header_stdlib_h=yes
ac_cv_header_string_h=yes
ac_cv_header_strings_h=yes
ac_cv_header_sys_stat_h=yes
ac_cv_header_sys_types_h=yes
ac_cv_header_sys_wait_h=yes
ac_cv_header_unistd_h=yes
ac_cv_host=i686-pc-linux-gnu
ac_cv_objext=o
ac_cv_path_EGREP='/usr/bin/grep -E'
ac_cv_path_FGREP='/usr/bin/grep -F'
ac_cv_path_GMSGFMT=/usr/bin/msgfmt
ac_cv_path_GREP=/usr/bin/grep
ac_cv_path_INTLTOOL_EXTRACT=/usr/bin/intltool-extract
ac_cv_path_INTLTOOL_MERGE=/usr/bin/intltool-merge
ac_cv_path_INTLTOOL_PERL=/usr/bin/perl
ac_cv_path_INTLTOOL_UPDATE=/usr/bin/intltool-update
ac_cv_path_MSGFMT=/usr/bin/msgfmt
ac_cv_path_MSGMERGE=/usr/bin/msgmerge
ac_cv_path_SED=/usr/bin/sed
ac_cv_path_XGETTEXT=/usr/bin/xgettext
ac_cv_path_ac_pt_PKG_CONFIG=/usr/bin/pkg-config
ac_cv_path_install='/usr/bin/ginstall -c'
ac_cv_path_mkdir=/usr/bin/mkdir
ac_cv_prog_AWK=gawk
ac_cv_prog_CPP='gcc -E'
ac_cv_prog_ac_ct_AR=ar
ac_cv_prog_ac_ct_CC=gcc
ac_cv_prog_ac_ct_MANIFEST_TOOL=mt
ac_cv_prog_ac_ct_OBJDUMP=objdump
ac_cv_prog_ac_ct_RANLIB=ranlib
ac_cv_prog_ac_ct_STRIP=strip
ac_cv_prog_cc_c89=
ac_cv_prog_cc_g=yes
ac_cv_prog_cc_gcc_c_o=yes
ac_cv_prog_make_make_set=yes
ac_cv_safe_to_define___extensions__=yes
ac_cv_search_strerror='none required'
ac_cv_target=i686-pc-linux-gnu
am_cv_CC_dependencies_compiler_type=gcc3
am_cv_prog_tar_ustar=gnutar
am_cv_val_LC_MESSAGES=yes
gt_cv_func_dgettext_libc=yes
gt_cv_func_dgettext_libintl=no
gt_cv_func_ngettext_libc=yes
gt_cv_have_gettext=yes
lt_cv_ar_at_file=@
lt_cv_archive_cmds_need_lc=no
lt_cv_deplibs_check_method=pass_all
lt_cv_file_magic_cmd='$MAGIC_CMD'
lt_cv_file_magic_test_file=
lt_cv_ld_reload_flag=-r
lt_cv_nm_interface='BSD nm'
lt_cv_objdir=.libs
lt_cv_path_LD=/usr/i686-linux-gnu/bin/ld
lt_cv_path_NM='/usr/bin/nm -B'
lt_cv_path_mainfest_tool=no
lt_cv_prog_compiler_c_o=yes
lt_cv_prog_compiler_pic='-fPIC -DPIC'
lt_cv_prog_compiler_pic_works=yes
lt_cv_prog_compiler_rtti_exceptions=no
lt_cv_prog_compiler_static_works=yes
lt_cv_prog_gnu_ld=yes
lt_cv_sharedlib_from_linklib_cmd='printf %s\n'
lt_cv_shlibpath_overrides_runpath=no
lt_cv_sys_global_symbol_pipe='sed -n -e '\''s/^.*[	 ]\([ABCDGIRSTW][ABCDGIRSTW]*\)[	 ][	 ]*\([_A-Za-z][_A-Za-z0-9]*\)$/\1 \2 \2/p'\'' | sed '\''/ __gnu_lto/d'\'''
lt_cv_sys_global_symbol_to_c_name_address='sed -n -e '\''s/^: \([^ ]*\)[ ]*$/  {\"\1\", (void *) 0},/p'\'' -e '\''s/^[ABCDGIRSTW]* \([^ ]*\) \([^ ]*\)$/  {"\2", (void *) \&\2},/p'\'''
lt_cv_sys_global_symbol_to_c_name_address_lib_prefix='sed -n -e '\''s/^: \([^ ]*\)[ ]*$/  {\"\1\", (void *) 0},/p'\'' -e '\''s/^[ABCDGIRSTW]* \([^ ]*\) \(lib[^ ]*\)$/  {"\2", (void *) \&\2},/p'\'' -e '\''s/^[ABCDGIRSTW]* \([^ ]*\) \([^ ]*\)$/  {"lib\2", (void *) \&\2},/p'\'''
lt_cv_sys_global_symbol_to_cdecl='sed -n -e '\''s/^T .* \(.*\)$/extern int \1();/p'\'' -e '\''s/^[ABCDGIRSTW]* .* \(.*\)$/extern char \1;/p'\'''
lt_cv_sys_max_cmd_len=1572864
lt_cv_to_host_file_cmd=func_convert_file_noop
lt_cv_to_tool_file_cmd=func_convert_file_noop
xdt_cv_PKG_CONFIG_MIN_VERSION=0.9.0

## ----------------- ##
## Output variables. ##
## ----------------- ##

ACLOCAL='${SHELL} /usr/src/thunar-volman/thunar-volman/missing --run aclocal-1.11'
ALL_LINGUAS='ar ast be bg ca cs da de el en_GB es eu fi fr gl hr hu id is it ja kk ko lt lv nb nl nn pl pt pt_BR ro ru sk sq sv te tr ug uk ur ur_PK zh_CN zh_TW '
AMDEPBACKSLASH='\'
AMDEP_FALSE='#'
AMDEP_TRUE=''
AMTAR='$${TAR-tar}'
AM_DEFAULT_VERBOSITY='1'
AR='ar'
AUTOCONF='${SHELL} /usr/src/thunar-volman/thunar-volman/missing --run autoconf'
AUTOHEADER='${SHELL} /usr/src/thunar-volman/thunar-volman/missing --run autoheader'
AUTOMAKE='${SHELL} /usr/src/thunar-volman/thunar-volman/missing --run automake-1.11'
AWK='gawk'
CATALOGS=' ar.gmo ast.gmo be.gmo bg.gmo ca.gmo cs.gmo da.gmo de.gmo el.gmo en_GB.gmo es.gmo eu.gmo fi.gmo fr.gmo gl.gmo hr.gmo hu.gmo id.gmo is.gmo it.gmo ja.gmo kk.gmo ko.gmo lt.gmo lv.gmo nb.gmo nl.gmo nn.gmo pl.gmo pt.gmo pt_BR.gmo ro.gmo ru.gmo sk.gmo sq.gmo sv.gmo te.gmo tr.gmo ug.gmo uk.gmo ur.gmo ur_PK.gmo zh_CN.gmo zh_TW.gmo'
CATOBJEXT='.gmo'
CC='gcc'
CCDEPMODE='depmode=gcc3'
CFLAGS='-g -O2'
CPP='gcc -E'
CPPFLAGS=''
CYGPATH_W='echo'
DATADIRNAME='share'
DEFS=''
DEPDIR='.deps'
DLLTOOL='false'
DSYMUTIL=''
DUMPBIN=''
ECHO_C=''
ECHO_N='-n'
ECHO_T=''
EGREP='/usr/bin/grep -E'
EXEEXT=''
EXO_CFLAGS='-pthread -I/usr/X11R7/include/pixman-1 -I/usr/X11R7/include -I/opt/xfce/include/exo-1 -I/opt/xfce/include/xfce4 -I/usr/include/gtk-2.0 -I/usr/lib/gtk-2.0/include -I/usr/include/atk-1.0 -I/usr/include/cairo -I/usr/include/gdk-pixbuf-2.0 -I/usr/include/pango-1.0 -I/usr/include/glib-2.0 -I/usr/lib/glib-2.0/include -I/usr/include/freetype2 -I/usr/include/libpng15 -I/usr/include/harfbuzz  '
EXO_LIBS='-L/opt/xfce/lib -lexo-1 -lgtk-x11-2.0 -lxfce4util -lgdk-x11-2.0 -latk-1.0 -lgio-2.0 -lpangocairo-1.0 -lgdk_pixbuf-2.0 -lcairo -lpangoft2-1.0 -lpango-1.0 -lm -lfreetype -lfontconfig -lgobject-2.0 -lglib-2.0  '
EXO_REQUIRED_VERSION='0.6.0'
EXO_VERSION='0.8.0'
FGREP='/usr/bin/grep -F'
GETTEXT_PACKAGE='thunar-volman'
GIO_CFLAGS='-pthread -I/usr/include/glib-2.0 -I/usr/lib/glib-2.0/include  '
GIO_LIBS='-lgio-2.0 -lgobject-2.0 -lglib-2.0  '
GIO_REQUIRED_VERSION='2.18.0'
GIO_VERSION='2.35.8'
GLIB_CFLAGS='-I/usr/include/glib-2.0 -I/usr/lib/glib-2.0/include  '
GLIB_LIBS='-lglib-2.0  '
GLIB_REQUIRED_VERSION='2.18.0'
GLIB_VERSION='2.35.8'
GMOFILES=' ar.gmo ast.gmo be.gmo bg.gmo ca.gmo cs.gmo da.gmo de.gmo el.gmo en_GB.gmo es.gmo eu.gmo fi.gmo fr.gmo gl.gmo hr.gmo hu.gmo id.gmo is.gmo it.gmo ja.gmo kk.gmo ko.gmo lt.gmo lv.gmo nb.gmo nl.gmo nn.gmo pl.gmo pt.gmo pt_BR.gmo ro.gmo ru.gmo sk.gmo sq.gmo sv.gmo te.gmo tr.gmo ug.gmo uk.gmo ur.gmo ur_PK.gmo zh_CN.gmo zh_TW.gmo'
GMSGFMT='/usr/bin/msgfmt'
GREP='/usr/bin/grep'
GTHREAD_CFLAGS='-pthread -I/usr/include/glib-2.0 -I/usr/lib/glib-2.0/include  '
GTHREAD_LIBS='-pthread -lgthread-2.0 -lglib-2.0  '
GTHREAD_REQUIRED_VERSION='2.18.0'
GTHREAD_VERSION='2.35.8'
GTK_CFLAGS='-pthread -I/usr/X11R7/include/pixman-1 -I/usr/X11R7/include -I/usr/include/gtk-2.0 -I/usr/lib/gtk-2.0/include -I/usr/include/atk-1.0 -I/usr/include/cairo -I/usr/include/gdk-pixbuf-2.0 -I/usr/include/pango-1.0 -I/usr/include/glib-2.0 -I/usr/lib/glib-2.0/include -I/usr/include/freetype2 -I/usr/include/libpng15 -I/usr/include/harfbuzz  '
GTK_LIBS='-lgtk-x11-2.0 -lgdk-x11-2.0 -latk-1.0 -lgio-2.0 -lpangocairo-1.0 -lgdk_pixbuf-2.0 -lcairo -lpangoft2-1.0 -lpango-1.0 -lm -lfreetype -lfontconfig -lgobject-2.0 -lglib-2.0  '
GTK_REQUIRED_VERSION='2.14.0'
GTK_VERSION='2.24.14'
GUDEV_CFLAGS=''
GUDEV_LIBS=''
GUDEV_REQUIRED_VERSION=''
GUDEV_VERSION=''
HAVE_LIBNOTIFY_FALSE=''
HAVE_LIBNOTIFY_TRUE=''
INSTALL_DATA='${INSTALL} -m 644'
INSTALL_PROGRAM='${INSTALL}'
INSTALL_SCRIPT='${INSTALL}'
INSTALL_STRIP_PROGRAM='$(install_sh) -c -s'
INSTOBJEXT='.mo'
INTLLIBS=''
INTLTOOL_CAVES_RULE='%.caves:     %.caves.in     $(INTLTOOL_MERGE) $(wildcard $(top_srcdir)/po/*.po) ; $(INTLTOOL_V_MERGE)LC_ALL=C $(INTLTOOL_MERGE) $(INTLTOOL_V_MERGE_OPTIONS) -d -u -c $(top_builddir)/po/.intltool-merge-cache $(top_srcdir)/po $< $@'
INTLTOOL_DESKTOP_RULE='%.desktop:   %.desktop.in   $(INTLTOOL_MERGE) $(wildcard $(top_srcdir)/po/*.po) ; $(INTLTOOL_V_MERGE)LC_ALL=C $(INTLTOOL_MERGE) $(INTLTOOL_V_MERGE_OPTIONS) -d -u -c $(top_builddir)/po/.intltool-merge-cache $(top_srcdir)/po $< $@'
INTLTOOL_DIRECTORY_RULE='%.directory: %.directory.in $(INTLTOOL_MERGE) $(wildcard $(top_srcdir)/po/*.po) ; $(INTLTOOL_V_MERGE)LC_ALL=C $(INTLTOOL_MERGE) $(INTLTOOL_V_MERGE_OPTIONS) -d -u -c $(top_builddir)/po/.intltool-merge-cache $(top_srcdir)/po $< $@'
INTLTOOL_EXTRACT='/usr/bin/intltool-extract'
INTLTOOL_KBD_RULE='%.kbd:       %.kbd.in       $(INTLTOOL_MERGE) $(wildcard $(top_srcdir)/po/*.po) ; $(INTLTOOL_V_MERGE)LC_ALL=C $(INTLTOOL_MERGE) $(INTLTOOL_V_MERGE_OPTIONS) -x -u -m -c $(top_builddir)/po/.intltool-merge-cache $(top_srcdir)/po $< $@'
INTLTOOL_KEYS_RULE='%.keys:      %.keys.in      $(INTLTOOL_MERGE) $(wildcard $(top_srcdir)/po/*.po) ; $(INTLTOOL_V_MERGE)LC_ALL=C $(INTLTOOL_MERGE) $(INTLTOOL_V_MERGE_OPTIONS) -k -u -c $(top_builddir)/po/.intltool-merge-cache $(top_srcdir)/po $< $@'
INTLTOOL_MERGE='/usr/bin/intltool-merge'
INTLTOOL_OAF_RULE='%.oaf:       %.oaf.in       $(INTLTOOL_MERGE) $(wildcard $(top_srcdir)/po/*.po) ; $(INTLTOOL_V_MERGE)LC_ALL=C $(INTLTOOL_MERGE) $(INTLTOOL_V_MERGE_OPTIONS) -o -p $(top_srcdir)/po $< $@'
INTLTOOL_PERL='/usr/bin/perl'
INTLTOOL_POLICY_RULE='%.policy:    %.policy.in    $(INTLTOOL_MERGE) $(wildcard $(top_srcdir)/po/*.po) ; $(INTLTOOL_V_MERGE)LC_ALL=C $(INTLTOOL_MERGE) $(INTLTOOL_V_MERGE_OPTIONS) -x -u -c $(top_builddir)/po/.intltool-merge-cache $(top_srcdir)/po $< $@'
INTLTOOL_PONG_RULE='%.pong:      %.pong.in      $(INTLTOOL_MERGE) $(wildcard $(top_srcdir)/po/*.po) ; $(INTLTOOL_V_MERGE)LC_ALL=C $(INTLTOOL_MERGE) $(INTLTOOL_V_MERGE_OPTIONS) -x -u -c $(top_builddir)/po/.intltool-merge-cache $(top_srcdir)/po $< $@'
INTLTOOL_PROP_RULE='%.prop:      %.prop.in      $(INTLTOOL_MERGE) $(wildcard $(top_srcdir)/po/*.po) ; $(INTLTOOL_V_MERGE)LC_ALL=C $(INTLTOOL_MERGE) $(INTLTOOL_V_MERGE_OPTIONS) -d -u -c $(top_builddir)/po/.intltool-merge-cache $(top_srcdir)/po $< $@'
INTLTOOL_SCHEMAS_RULE='%.schemas:   %.schemas.in   $(INTLTOOL_MERGE) $(wildcard $(top_srcdir)/po/*.po) ; $(INTLTOOL_V_MERGE)LC_ALL=C $(INTLTOOL_MERGE) $(INTLTOOL_V_MERGE_OPTIONS) -s -u -c $(top_builddir)/po/.intltool-merge-cache $(top_srcdir)/po $< $@'
INTLTOOL_SERVER_RULE='%.server:    %.server.in    $(INTLTOOL_MERGE) $(wildcard $(top_srcdir)/po/*.po) ; $(INTLTOOL_V_MERGE)LC_ALL=C $(INTLTOOL_MERGE) $(INTLTOOL_V_MERGE_OPTIONS) -o -u -c $(top_builddir)/po/.intltool-merge-cache $(top_srcdir)/po $< $@'
INTLTOOL_SERVICE_RULE='%.service: %.service.in   $(INTLTOOL_MERGE) $(wildcard $(top_srcdir)/po/*.po) ; $(INTLTOOL_V_MERGE)LC_ALL=C $(INTLTOOL_MERGE) $(INTLTOOL_V_MERGE_OPTIONS) -d -u -c $(top_builddir)/po/.intltool-merge-cache $(top_srcdir)/po $< $@'
INTLTOOL_SHEET_RULE='%.sheet:     %.sheet.in     $(INTLTOOL_MERGE) $(wildcard $(top_srcdir)/po/*.po) ; $(INTLTOOL_V_MERGE)LC_ALL=C $(INTLTOOL_MERGE) $(INTLTOOL_V_MERGE_OPTIONS) -x -u -c $(top_builddir)/po/.intltool-merge-cache $(top_srcdir)/po $< $@'
INTLTOOL_SOUNDLIST_RULE='%.soundlist: %.soundlist.in $(INTLTOOL_MERGE) $(wildcard $(top_srcdir)/po/*.po) ; $(INTLTOOL_V_MERGE)LC_ALL=C $(INTLTOOL_MERGE) $(INTLTOOL_V_MERGE_OPTIONS) -d -u -c $(top_builddir)/po/.intltool-merge-cache $(top_srcdir)/po $< $@'
INTLTOOL_THEME_RULE='%.theme:     %.theme.in     $(INTLTOOL_MERGE) $(wildcard $(top_srcdir)/po/*.po) ; $(INTLTOOL_V_MERGE)LC_ALL=C $(INTLTOOL_MERGE) $(INTLTOOL_V_MERGE_OPTIONS) -d -u -c $(top_builddir)/po/.intltool-merge-cache $(top_srcdir)/po $< $@'
INTLTOOL_UI_RULE='%.ui:        %.ui.in        $(INTLTOOL_MERGE) $(wildcard $(top_srcdir)/po/*.po) ; $(INTLTOOL_V_MERGE)LC_ALL=C $(INTLTOOL_MERGE) $(INTLTOOL_V_MERGE_OPTIONS) -x -u -c $(top_builddir)/po/.intltool-merge-cache $(top_srcdir)/po $< $@'
INTLTOOL_UPDATE='/usr/bin/intltool-update'
INTLTOOL_V_MERGE='$(INTLTOOL__v_MERGE_$(V))'
INTLTOOL_V_MERGE_OPTIONS='$(intltool__v_merge_options_$(V))'
INTLTOOL_XAM_RULE='%.xam:       %.xml.in       $(INTLTOOL_MERGE) $(wildcard $(top_srcdir)/po/*.po) ; $(INTLTOOL_V_MERGE)LC_ALL=C $(INTLTOOL_MERGE) $(INTLTOOL_V_MERGE_OPTIONS) -x -u -c $(top_builddir)/po/.intltool-merge-cache $(top_srcdir)/po $< $@'
INTLTOOL_XML_NOMERGE_RULE='%.xml:       %.xml.in       $(INTLTOOL_MERGE) ; $(INTLTOOL_V_MERGE)LC_ALL=C $(INTLTOOL_MERGE) $(INTLTOOL_V_MERGE_OPTIONS) -x -u --no-translations $< $@'
INTLTOOL_XML_RULE='%.xml:       %.xml.in       $(INTLTOOL_MERGE) $(wildcard $(top_srcdir)/po/*.po) ; $(INTLTOOL_V_MERGE)LC_ALL=C $(INTLTOOL_MERGE) $(INTLTOOL_V_MERGE_OPTIONS) -x -u -c $(top_builddir)/po/.intltool-merge-cache $(top_srcdir)/po $< $@'
INTLTOOL__v_MERGE_0='@echo "  ITMRG " $@;'
INTLTOOL__v_MERGE_='$(INTLTOOL__v_MERGE_$(AM_DEFAULT_VERBOSITY))'
LD='/usr/i686-linux-gnu/bin/ld'
LDFLAGS=''
LIBNOTIFY_CFLAGS=''
LIBNOTIFY_LIBS=''
LIBNOTIFY_REQUIRED_VERSION=''
LIBNOTIFY_VERSION=''
LIBOBJS=''
LIBS=''
LIBTOOL='$(SHELL) $(top_builddir)/libtool'
LIBXFCE4UI_CFLAGS=''
LIBXFCE4UI_LIBS=''
LIBXFCE4UI_REQUIRED_VERSION=''
LIBXFCE4UI_VERSION=''
LIBXFCE4UTIL_CFLAGS=''
LIBXFCE4UTIL_LIBS=''
LIBXFCE4UTIL_REQUIRED_VERSION=''
LIBXFCE4UTIL_VERSION=''
LIPO=''
LN_S='ln -s'
LTLIBOBJS=''
MAINT=''
MAINTAINER_MODE_FALSE='#'
MAINTAINER_MODE_TRUE=''
MAKEINFO='${SHELL} /usr/src/thunar-volman/thunar-volman/missing --run makeinfo'
MANIFEST_TOOL=':'
MKDIR_P='/usr/bin/mkdir -p'
MKINSTALLDIRS='./mkinstalldirs'
MSGFMT='/usr/bin/msgfmt'
MSGFMT_OPTS='-c'
MSGMERGE='/usr/bin/msgmerge'
NM='/usr/bin/nm -B'
NMEDIT=''
OBJDUMP='objdump'
OBJEXT='o'
OTOOL64=''
OTOOL=''
PACKAGE='thunar-volman'
PACKAGE_BUGREPORT='http://bugzilla.xfce.org/'
PACKAGE_NAME='thunar-volman'
PACKAGE_STRING='thunar-volman 0.8.0'
PACKAGE_TARNAME='thunar-volman'
PACKAGE_URL=''
PACKAGE_VERSION='0.8.0'
PATH_SEPARATOR=':'
PKG_CONFIG='/usr/bin/pkg-config'
PKG_CONFIG_LIBDIR=''
PKG_CONFIG_PATH=':/usr/X11R7/lib/pkgconfig/:/opt/xfce/lib/pkgconfig/'
PLATFORM_CFLAGS=''
PLATFORM_CPPFLAGS=''
PLATFORM_LDFLAGS=''
POFILES=' ar.po ast.po be.po bg.po ca.po cs.po da.po de.po el.po en_GB.po es.po eu.po fi.po fr.po gl.po hr.po hu.po id.po is.po it.po ja.po kk.po ko.po lt.po lv.po nb.po nl.po nn.po pl.po pt.po pt_BR.po ro.po ru.po sk.po sq.po sv.po te.po tr.po ug.po uk.po ur.po ur_PK.po zh_CN.po zh_TW.po'
POSUB='po'
PO_IN_DATADIR_FALSE=''
PO_IN_DATADIR_TRUE=''
RANLIB='ranlib'
SED='/usr/bin/sed'
SET_MAKE=''
SHELL='/bin/sh'
STRIP='strip'
USE_NLS='yes'
VERSION='0.8.0'
XFCONF_CFLAGS=''
XFCONF_LIBS=''
XFCONF_REQUIRED_VERSION=''
XFCONF_VERSION=''
XGETTEXT='/usr/bin/xgettext'
XGETTEXT_ARGS='--keyword=Q_ --from-code=UTF-8'
ac_ct_AR='ar'
ac_ct_CC='gcc'
ac_ct_DUMPBIN=''
am__EXEEXT_FALSE=''
am__EXEEXT_TRUE=''
am__fastdepCC_FALSE='#'
am__fastdepCC_TRUE=''
am__include='include'
am__isrc=''
am__leading_dot='.'
am__nodep='_no'
am__quote=''
am__tar='tar --format=ustar -chf - "$$tardir"'
am__untar='tar -xf -'
bindir='${exec_prefix}/bin'
build='i686-pc-linux-gnu'
build_alias=''
build_cpu='i686'
build_os='linux-gnu'
build_vendor='pc'
datadir='${datarootdir}'
datarootdir='${prefix}/share'
docdir='${datarootdir}/doc/${PACKAGE_TARNAME}'
dvidir='${docdir}'
exec_prefix='NONE'
host='i686-pc-linux-gnu'
host_alias=''
host_cpu='i686'
host_os='linux-gnu'
host_vendor='pc'
htmldir='${docdir}'
includedir='${prefix}/include'
infodir='${datarootdir}/info'
install_sh='${SHELL} /usr/src/thunar-volman/thunar-volman/install-sh'
intltool__v_merge_options_0='-q'
intltool__v_merge_options_='$(intltool__v_merge_options_$(AM_DEFAULT_VERBOSITY))'
libdir='${exec_prefix}/lib'
libexecdir='${exec_prefix}/libexec'
localedir='${datarootdir}/locale'
localstatedir='${prefix}/var'
mandir='${datarootdir}/man'
mkdir_p='/usr/bin/mkdir -p'
oldincludedir='/usr/include'
pdfdir='${docdir}'
prefix='NONE'
program_transform_name='s,x,x,'
psdir='${docdir}'
sbindir='${exec_prefix}/sbin'
sharedstatedir='${prefix}/com'
sysconfdir='${prefix}/etc'
target='i686-pc-linux-gnu'
target_alias=''
target_cpu='i686'
target_os='linux-gnu'
target_vendor='pc'

## ----------- ##
## confdefs.h. ##
## ----------- ##

/* confdefs.h */
#define PACKAGE_NAME "thunar-volman"
#define PACKAGE_TARNAME "thunar-volman"
#define PACKAGE_VERSION "0.8.0"
#define PACKAGE_STRING "thunar-volman 0.8.0"
#define PACKAGE_BUGREPORT "http://bugzilla.xfce.org/"
#define PACKAGE_URL ""
#define PACKAGE "thunar-volman"
#define VERSION "0.8.0"
#define STDC_HEADERS 1
#define HAVE_SYS_TYPES_H 1
#define HAVE_SYS_STAT_H 1
#define HAVE_STDLIB_H 1
#define HAVE_STRING_H 1
#define HAVE_MEMORY_H 1
#define HAVE_STRINGS_H 1
#define HAVE_INTTYPES_H 1
#define HAVE_STDINT_H 1
#define HAVE_UNISTD_H 1
#define __EXTENSIONS__ 1
#define _ALL_SOURCE 1
#define _GNU_SOURCE 1
#define _POSIX_PTHREAD_SEMANTICS 1
#define _TANDEM_SOURCE 1
#define HAVE_DLFCN_H 1
#define LT_OBJDIR ".libs/"
#define HAVE_ERRNO_H 1
#define HAVE_STDARG_H 1
#define HAVE_SYS_TYPES_H 1
#define HAVE_SYS_WAIT_H 1
#define GETTEXT_PACKAGE "thunar-volman"
#define HAVE_LOCALE_H 1
#define HAVE_LC_MESSAGES 1
#define HAVE_BIND_TEXTDOMAIN_CODESET 1
#define HAVE_GETTEXT 1
#define HAVE_DCGETTEXT 1
#define ENABLE_NLS 1

configure: exit 1
